<?xml version="1.0" encoding="UTF-8"?>
<!-- Generated by org.testng.reporters.JUnitXMLReporter -->
<testsuite hostname="Adekoyas-MacBook-Pro.local" ignored="0" name="swapi-api-test" tests="4" failures="1" timestamp="02 Oct 2021 02:41:51 GMT" time="70.787" errors="0">
  <testcase name="endPointValidation" time="1.345" classname="com.swapi.test.SwapiEndPointTest"/>
  <testcase name="verifyHeight" time="28.882" classname="com.swapi.test.PeopleHeightTest"/>
  <testcase name="verifyPeopleHeightMoreThan200NameMatches" time="22.423" classname="com.swapi.test.IndividualTest">
    <failure type="java.lang.AssertionError" message="expected [Tuan Wu] but found [Taun We]">
      <![CDATA[java.lang.AssertionError: expected [Tuan Wu] but found [Taun We]
at com.swapi.test.IndividualTest.verifyPeopleHeightMoreThan200NameMatches(IndividualTest.java:149)
... Removed 31 stack frames]]>
    </failure>
  </testcase> <!-- verifyPeopleHeightMoreThan200NameMatches -->
  <testcase name="findTotalPeople" time="18.06" classname="com.swapi.test.PeopleTotalTest"/>
</testsuite> <!-- swapi-api-test -->
