<?xml version="1.0" encoding="UTF-8"?>
<!-- Generated by org.testng.reporters.JUnitXMLReporter -->
<testsuite hostname="Adekoyas-MacBook-Pro.local" ignored="0" name="swapi-api-test" tests="4" failures="1" timestamp="06 Oct 2021 11:35:42 GMT" time="54.771" errors="0">
  <testcase name="endPointValidation" time="1.011" classname="com.swapi.test.SwapiEndPointTest"/>
  <testcase name="verifyHeight" time="22.058" classname="com.swapi.test.PeopleHeightTest"/>
  <testcase name="verifyPeopleHeightMoreThan200NameMatches" time="16.98" classname="com.swapi.test.IndividualTest">
    <failure type="java.lang.AssertionError" message="expected [Tuan Wu] but found [Taun We]">
      <![CDATA[java.lang.AssertionError: expected [Tuan Wu] but found [Taun We]
at com.swapi.test.IndividualTest.verifyPeopleHeightMoreThan200NameMatches(IndividualTest.java:157)
... Removed 31 stack frames]]>
    </failure>
  </testcase> <!-- verifyPeopleHeightMoreThan200NameMatches -->
  <testcase name="findTotalPeople" time="14.672" classname="com.swapi.test.PeopleTotalTest"/>
</testsuite> <!-- swapi-api-test -->
