<?xml version="1.0" encoding="UTF-8"?>
<testng-results skipped="0" failed="0" ignored="0" total="1" passed="1">
  <reporter-output>
  </reporter-output>
  <suite name="Default suite" duration-ms="2879" started-at="2021-09-30T16:38:14Z" finished-at="2021-09-30T16:38:17Z">
    <groups>
    </groups>
    <test name="Default test" duration-ms="2879" started-at="2021-09-30T16:38:14Z" finished-at="2021-09-30T16:38:17Z">
      <class name="com.swapi.test.SwapiEndPointTest">
        <test-method status="PASS" signature="endPointValidation()[pri:0, instance:com.swapi.test.SwapiEndPointTest@19d37183]" name="endPointValidation" duration-ms="2852" started-at="2021-09-30T16:38:14Z" finished-at="2021-09-30T16:38:17Z">
          <reporter-output>
          </reporter-output>
        </test-method> <!-- endPointValidation -->
      </class> <!-- com.swapi.test.SwapiEndPointTest -->
    </test> <!-- Default test -->
  </suite> <!-- Default suite -->
</testng-results>
